{
  "RSpec": {
    "coverage": {
      "/Users/francescachater/Projects/Makers/tech_week/gilded_rose/spec/gilded_rose_spec.rb": [
        1,
        null,
        1,
        15,
        7,
        null,
        1,
        1,
        4,
        null,
        null,
        1,
        4,
        null,
        null,
        1,
        4,
        null,
        null,
        1,
        11,
        4,
        null,
        null,
        1,
        31,
        4,
        null,
        null,
        1,
        51,
        4,
        null,
        null,
        null,
        null,
        1,
        2,
        null,
        1,
        4,
        null,
        null,
        null,
        1,
        3,
        null,
        1,
        4,
        null,
        null,
        1,
        4,
        null,
        null,
        null,
        1,
        5,
        null,
        1,
        4,
        null,
        null,
        1,
        6,
        4,
        null,
        null,
        1,
        11,
        4,
        null,
        null,
        1,
        16,
        4,
        null,
        null,
        null,
        1,
        2,
        null,
        1,
        4,
        null,
        null,
        null,
        null,
        null,
        1,
        1,
        2,
        null,
        null,
        1,
        1,
        1,
        null,
        null
      ]
    },
    "timestamp": 1562263984
  }
}
