{
  "RSpec": {
    "coverage": {
      "/Users/francescachater/Projects/Makers/tech_week/gilded_rose/spec/gilded_rose_spec.rb": [
        1,
        null,
        1,
        null,
        1,
        1,
        1,
        1,
        1,
        null,
        null,
        null,
        null
      ],
      "/Users/francescachater/Projects/Makers/tech_week/gilded_rose/spec/item_spec.rb": [
        1,
        null,
        1,
        1,
        2,
        null,
        null,
        1,
        1,
        1,
        null,
        null
      ]
    },
    "timestamp": 1562081707
  }
}
